<?xml version="1.0" encoding="UTF-8"?>
<testsuite name="TestFailure" tests="1" skipped="0" failures="0" errors="0" timestamp="2015-07-30T16:15:39" hostname="ICC1056" time="0.001">
  <properties/>
  <testcase name="testFailure" classname="TestFailure" time="0.001"/>
  <system-out><![CDATA[]]></system-out>
  <system-err><![CDATA[]]></system-err>
</testsuite>
